0 info it worked if it ends with ok
1 verbose cli [ 'C:\\Program Files\\nodejs\\node.exe',
1 verbose cli   'C:\\Program Files\\nodejs\\node_modules\\npm\\bin\\npm-cli.js',
1 verbose cli   'run',
1 verbose cli   'dist:win' ]
2 info using npm@3.3.12
3 info using node@v5.5.0
4 verbose run-script [ 'predist:win', 'dist:win', 'postdist:win' ]
5 info lifecycle @~predist:win: @
6 silly lifecycle @~predist:win: no script for predist:win, continuing
7 info lifecycle @~dist:win: @
8 verbose lifecycle @~dist:win: unsafe-perm in lifecycle true
9 verbose lifecycle @~dist:win: PATH: C:\Users\entry_pc\AppData\Roaming\nvm\v5.5.0\node_modules\npm\bin\node-gyp-bin;C:\Users\entry_pc\Documents\entry-offline\node_modules\.bin;C:\Program Files\ImageMagick-6.9.3-Q16;C:\Program Files (x86)\Intel\iCLS Client\;C:\Program Files\Intel\iCLS Client\;C:\Windows\system32;C:\Windows;C:\Windows\System32\Wbem;C:\Windows\System32\WindowsPowerShell\v1.0\;C:\Program Files\Intel\Intel(R) Management Engine Components\DAL;C:\Program Files (x86)\Intel\Intel(R) Management Engine Components\DAL;C:\Program Files\Intel\Intel(R) Management Engine Components\IPT;C:\Program Files (x86)\Intel\Intel(R) Management Engine Components\IPT;C:\Windows\system32\config\systemprofile\.dnx\bin;C:\Program Files\Microsoft DNX\Dnvm\;C:\Program Files (x86)\Windows Kits\8.1\Windows Performance Toolkit\;C:\Users\entry_pc\AppData\Local\Atlassian\SourceTree\git_local\bin;C:\Program Files\MongoDB\Server\3.2\bin;C:\Python27;C:\Program Files\Java\jdk1.7.0_80\bin;C:\Program Files\SourceGear\Common\DiffMerge\;C:\openssl\bin;C:\Program Files\Microsoft Windows Performance Toolkit\;C:\Program Files (x86)\Windows Kits\10\Windows Performance Toolkit\;C:\Program Files (x86)\IVI Foundation\VISA\WinNT\Bin;C:\Program Files\SafeNet\Authentication\SAC\x64;C:\Program Files\SafeNet\Authentication\SAC\x32;C:\Ruby23-x64\bin;C:\Program Files (x86)\Windows Kits\10\bin\x64;C:\Users\entry_pc\AppData\Roaming\nvm;C:\Program Files\nodejs;C:\Users\entry_pc\AppData\Roaming\npm;C:\Program Files\Bandizip\7z;C:\Users\entry_pc\AppData\Local\atom\bin;C:\Users\entry_pc\AppData\Roaming\nvm;C:\Program Files\nodejs
10 verbose lifecycle @~dist:win: CWD: C:\Users\entry_pc\Documents\entry-offline
11 silly lifecycle @~dist:win: Args: [ '/d /s /c', 'build --arch ia32' ]
12 silly lifecycle @~dist:win: Returned: code: 4294967295  signal: null
13 info lifecycle @~dist:win: Failed to exec dist:win script
14 verbose stack Error: @ dist:win: `build --arch ia32`
14 verbose stack Exit status 4294967295
14 verbose stack     at EventEmitter.<anonymous> (C:\Users\entry_pc\AppData\Roaming\nvm\v5.5.0\node_modules\npm\lib\utils\lifecycle.js:232:16)
14 verbose stack     at emitTwo (events.js:100:13)
14 verbose stack     at EventEmitter.emit (events.js:185:7)
14 verbose stack     at ChildProcess.<anonymous> (C:\Users\entry_pc\AppData\Roaming\nvm\v5.5.0\node_modules\npm\lib\utils\spawn.js:24:14)
14 verbose stack     at emitTwo (events.js:100:13)
14 verbose stack     at ChildProcess.emit (events.js:185:7)
14 verbose stack     at maybeClose (internal/child_process.js:821:16)
14 verbose stack     at Process.ChildProcess._handle.onexit (internal/child_process.js:211:5)
15 verbose pkgid @
16 verbose cwd C:\Users\entry_pc\Documents\entry-offline
17 error Windows_NT 10.0.10586
18 error argv "C:\\Program Files\\nodejs\\node.exe" "C:\\Program Files\\nodejs\\node_modules\\npm\\bin\\npm-cli.js" "run" "dist:win"
19 error node v5.5.0
20 error npm  v3.3.12
21 error code ELIFECYCLE
22 error @ dist:win: `build --arch ia32`
22 error Exit status 4294967295
23 error Failed at the @ dist:win script 'build --arch ia32'.
23 error Make sure you have the latest version of node.js and npm installed.
23 error If you do, this is most likely a problem with the  package,
23 error not with npm itself.
23 error Tell the author that this fails on your system:
23 error     build --arch ia32
23 error You can get their info via:
23 error     npm owner ls
23 error There is likely additional logging output above.
24 verbose exit [ 1, true ]
